Assembler report for AB_3265_Task4
Sat Mar 23 13:08:40 2024
Quartus Prime Version 20.1.1 Build 720 11/11/2020 SJ Lite Edition


---------------------
; Table of Contents ;
---------------------
  1. Legal Notice
  2. Assembler Summary
  3. Assembler Settings
  4. Assembler Encrypted IP Cores Summary
  5. Assembler Generated Files
  6. Assembler Device Options: C:/Users/Sudhanshu Ranjan/Desktop/EYANTRA/AB_3265_Task6_to_be_edited/AB_3265_Task6/output_files/AB_3265_Task4.sof
  7. Assembler Messages



----------------
; Legal Notice ;
----------------
Copyright (C) 2020  Intel Corporation. All rights reserved.
Your use of Intel Corporation's design tools, logic functions 
and other software and tools, and any partner logic 
functions, and any output files from any of the foregoing 
(including device programming or simulation files), and any 
associated documentation or information are expressly subject 
to the terms and conditions of the Intel Program License 
Subscription Agreement, the Intel Quartus Prime License Agreement,
the Intel FPGA IP License Agreement, or other applicable license
agreement, including, without limitation, that your use is for
the sole purpose of programming logic devices manufactured by
Intel and sold by Intel or its authorized distributors.  Please
refer to the applicable agreement for further details, at
https://fpgasoftware.intel.com/eula.



+---------------------------------------------------------------+
; Assembler Summary                                             ;
+-----------------------+---------------------------------------+
; Assembler Status      ; Successful - Sat Mar 23 13:08:40 2024 ;
; Revision Name         ; AB_3265_Task4                         ;
; Top-level Entity Name ; AB_3265_Task6                         ;
; Family                ; Cyclone IV E                          ;
; Device                ; EP4CE22F17C6                          ;
+-----------------------+---------------------------------------+


+----------------------------------+
; Assembler Settings               ;
+--------+---------+---------------+
; Option ; Setting ; Default Value ;
+--------+---------+---------------+


+------------------------------------------------+
; Assembler Encrypted IP Cores Summary           ;
+--------+------------------------+--------------+
; Vendor ; IP Core Name           ; License Type ;
+--------+------------------------+--------------+
; Altera ; Signal Tap (6AF7 BCE1) ; Licensed     ;
; Altera ; Signal Tap (6AF7 BCEC) ; Licensed     ;
+--------+------------------------+--------------+


+-------------------------------------------------------------------------------------------------------------------+
; Assembler Generated Files                                                                                         ;
+-------------------------------------------------------------------------------------------------------------------+
; File Name                                                                                                         ;
+-------------------------------------------------------------------------------------------------------------------+
; C:/Users/Sudhanshu Ranjan/Desktop/EYANTRA/AB_3265_Task6_to_be_edited/AB_3265_Task6/output_files/AB_3265_Task4.sof ;
+-------------------------------------------------------------------------------------------------------------------+


+---------------------------------------------------------------------------------------------------------------------------------------------+
; Assembler Device Options: C:/Users/Sudhanshu Ranjan/Desktop/EYANTRA/AB_3265_Task6_to_be_edited/AB_3265_Task6/output_files/AB_3265_Task4.sof ;
+----------------+----------------------------------------------------------------------------------------------------------------------------+
; Option         ; Setting                                                                                                                    ;
+----------------+----------------------------------------------------------------------------------------------------------------------------+
; JTAG usercode  ; 0x0077B719                                                                                                                 ;
; Checksum       ; 0x0077B719                                                                                                                 ;
+----------------+----------------------------------------------------------------------------------------------------------------------------+


+--------------------+
; Assembler Messages ;
+--------------------+
Info: *******************************************************************
Info: Running Quartus Prime Assembler
    Info: Version 20.1.1 Build 720 11/11/2020 SJ Lite Edition
    Info: Processing started: Sat Mar 23 13:08:36 2024
Info: Command: quartus_asm --read_settings_files=off --write_settings_files=off AB_3265_Task6 -c AB_3265_Task4
Warning (18236): Number of processors has not been specified which may cause overloading on shared machines.  Set the global assignment NUM_PARALLEL_PROCESSORS in your QSF to an appropriate value for best performance.
Info (115031): Writing out detailed assembly data for power analysis
Info (115030): Assembler is generating device programming files
Info: Quartus Prime Assembler was successful. 0 errors, 1 warning
    Info: Peak virtual memory: 4714 megabytes
    Info: Processing ended: Sat Mar 23 13:08:40 2024
    Info: Elapsed time: 00:00:04
    Info: Total CPU time (on all processors): 00:00:02


