Flow report for AB_3265_Task4
Sat Mar 23 13:08:54 2024
Quartus Prime Version 20.1.1 Build 720 11/11/2020 SJ Lite Edition


---------------------
; Table of Contents ;
---------------------
  1. Legal Notice
  2. Flow Summary
  3. Flow Settings
  4. Flow Non-Default Global Settings
  5. Flow Elapsed Time
  6. Flow OS Summary
  7. Flow Log
  8. Flow Messages
  9. Flow Suppressed Messages



----------------
; Legal Notice ;
----------------
Copyright (C) 2020  Intel Corporation. All rights reserved.
Your use of Intel Corporation's design tools, logic functions 
and other software and tools, and any partner logic 
functions, and any output files from any of the foregoing 
(including device programming or simulation files), and any 
associated documentation or information are expressly subject 
to the terms and conditions of the Intel Program License 
Subscription Agreement, the Intel Quartus Prime License Agreement,
the Intel FPGA IP License Agreement, or other applicable license
agreement, including, without limitation, that your use is for
the sole purpose of programming logic devices manufactured by
Intel and sold by Intel or its authorized distributors.  Please
refer to the applicable agreement for further details, at
https://fpgasoftware.intel.com/eula.



+----------------------------------------------------------------------------------+
; Flow Summary                                                                     ;
+------------------------------------+---------------------------------------------+
; Flow Status                        ; Successful - Sat Mar 23 13:08:54 2024       ;
; Quartus Prime Version              ; 20.1.1 Build 720 11/11/2020 SJ Lite Edition ;
; Revision Name                      ; AB_3265_Task4                               ;
; Top-level Entity Name              ; AB_3265_Task6                               ;
; Family                             ; Cyclone IV E                                ;
; Device                             ; EP4CE22F17C6                                ;
; Timing Models                      ; Final                                       ;
; Total logic elements               ; 10,758 / 22,320 ( 48 % )                    ;
;     Total combinational functions  ; 9,548 / 22,320 ( 43 % )                     ;
;     Dedicated logic registers      ; 4,419 / 22,320 ( 20 % )                     ;
; Total registers                    ; 4424                                        ;
; Total pins                         ; 73 / 154 ( 47 % )                           ;
; Total virtual pins                 ; 0                                           ;
; Total memory bits                  ; 0 / 608,256 ( 0 % )                         ;
; Embedded Multiplier 9-bit elements ; 0 / 132 ( 0 % )                             ;
; Total PLLs                         ; 0 / 4 ( 0 % )                               ;
+------------------------------------+---------------------------------------------+


+-----------------------------------------+
; Flow Settings                           ;
+-------------------+---------------------+
; Option            ; Setting             ;
+-------------------+---------------------+
; Start date & time ; 03/23/2024 13:05:02 ;
; Main task         ; Compilation         ;
; Revision Name     ; AB_3265_Task4       ;
+-------------------+---------------------+


+--------------------------------------------------------------------------------------------------------------------------------------------------+
; Flow Non-Default Global Settings                                                                                                                 ;
+-------------------------------------+----------------------------------------+---------------+---------------+-----------------------------------+
; Assignment Name                     ; Value                                  ; Default Value ; Entity Name   ; Section Id                        ;
+-------------------------------------+----------------------------------------+---------------+---------------+-----------------------------------+
; COMPILER_SIGNATURE_ID               ; 10995770589205.171117930235484         ; --            ; --            ; --                                ;
; EDA_GENERATE_FUNCTIONAL_NETLIST     ; Off                                    ; --            ; --            ; eda_board_design_timing           ;
; EDA_GENERATE_FUNCTIONAL_NETLIST     ; Off                                    ; --            ; --            ; eda_board_design_boundary_scan    ;
; EDA_GENERATE_FUNCTIONAL_NETLIST     ; Off                                    ; --            ; --            ; eda_board_design_signal_integrity ;
; EDA_GENERATE_FUNCTIONAL_NETLIST     ; Off                                    ; --            ; --            ; eda_board_design_symbol           ;
; EDA_OUTPUT_DATA_FORMAT              ; Verilog Hdl                            ; --            ; --            ; eda_simulation                    ;
; EDA_SIMULATION_TOOL                 ; ModelSim-Altera (Verilog)              ; <None>        ; --            ; --                                ;
; EDA_TIME_SCALE                      ; 1 ps                                   ; --            ; --            ; eda_simulation                    ;
; ENABLE_LOGIC_ANALYZER_INTERFACE     ; On                                     ; --            ; --            ; --                                ;
; ENABLE_SIGNALTAP                    ; Off                                    ; --            ; --            ; --                                ;
; MAX_CORE_JUNCTION_TEMP              ; 85                                     ; --            ; --            ; --                                ;
; MIN_CORE_JUNCTION_TEMP              ; 0                                      ; --            ; --            ; --                                ;
; NOMINAL_CORE_SUPPLY_VOLTAGE         ; 1.2V                                   ; --            ; --            ; --                                ;
; PARTITION_COLOR                     ; -- (Not supported for targeted family) ; --            ; AB_3265_Task6 ; Top                               ;
; PARTITION_FITTER_PRESERVATION_LEVEL ; -- (Not supported for targeted family) ; --            ; AB_3265_Task6 ; Top                               ;
; PARTITION_NETLIST_TYPE              ; -- (Not supported for targeted family) ; --            ; AB_3265_Task6 ; Top                               ;
; POWER_BOARD_THERMAL_MODEL           ; None (CONSERVATIVE)                    ; --            ; --            ; --                                ;
; POWER_PRESET_COOLING_SOLUTION       ; 23 MM HEAT SINK WITH 200 LFPM AIRFLOW  ; --            ; --            ; --                                ;
; PROJECT_OUTPUT_DIRECTORY            ; output_files                           ; --            ; --            ; --                                ;
; SLD_NODE_CREATOR_ID                 ; 3698176                                ; --            ; --            ; auto_lai_0                        ;
; SLD_NODE_ENTITY_NAME                ; sld_multitap                           ; --            ; --            ; auto_lai_0                        ;
; SLD_NODE_PARAMETER_ASSIGNMENT       ; SLD_NODE_INFO=3698176                  ; --            ; --            ; auto_lai_0                        ;
; SLD_NODE_PARAMETER_ASSIGNMENT       ; SLD_NODE_CRC=46778                     ; --            ; --            ; auto_lai_0                        ;
; SLD_NODE_PARAMETER_ASSIGNMENT       ; SLD_BANK_WIDTH=6                       ; --            ; --            ; auto_lai_0                        ;
; SLD_NODE_PARAMETER_ASSIGNMENT       ; SLD_BANK_SIZE=1                        ; --            ; --            ; auto_lai_0                        ;
; SLD_NODE_PARAMETER_ASSIGNMENT       ; SLD_BANK_SEL_WIDTH=1                   ; --            ; --            ; auto_lai_0                        ;
; SLD_NODE_PARAMETER_ASSIGNMENT       ; SLD_POWER_UP_STATE=0                   ; --            ; --            ; auto_lai_0                        ;
; SLD_NODE_PARAMETER_ASSIGNMENT       ; SLD_ACQ_MODE=1                         ; --            ; --            ; auto_lai_0                        ;
; TOP_LEVEL_ENTITY                    ; AB_3265_Task6                          ; AB_3265_Task4 ; --            ; --                                ;
; USE_LOGIC_ANALYZER_INTERFACE_FILE   ; output_files/lai1.lai                  ; --            ; --            ; --                                ;
; USE_SIGNALTAP_FILE                  ; stp1.stp                               ; --            ; --            ; --                                ;
+-------------------------------------+----------------------------------------+---------------+---------------+-----------------------------------+


+--------------------------------------------------------------------------------------------------------------------------+
; Flow Elapsed Time                                                                                                        ;
+----------------------+--------------+-------------------------+---------------------+------------------------------------+
; Module Name          ; Elapsed Time ; Average Processors Used ; Peak Virtual Memory ; Total CPU Time (on all processors) ;
+----------------------+--------------+-------------------------+---------------------+------------------------------------+
; Analysis & Synthesis ; 00:02:31     ; 1.0                     ; 4960 MB             ; 00:01:52                           ;
; Fitter               ; 00:00:52     ; 1.2                     ; 6256 MB             ; 00:00:47                           ;
; Assembler            ; 00:00:04     ; 1.0                     ; 4714 MB             ; 00:00:01                           ;
; Timing Analyzer      ; 00:00:07     ; 1.6                     ; 4970 MB             ; 00:00:06                           ;
; EDA Netlist Writer   ; 00:00:05     ; 1.0                     ; 4683 MB             ; 00:00:03                           ;
; Total                ; 00:03:39     ; --                      ; --                  ; 00:02:49                           ;
+----------------------+--------------+-------------------------+---------------------+------------------------------------+


+------------------------------------------------------------------------------------+
; Flow OS Summary                                                                    ;
+----------------------+------------------+------------+------------+----------------+
; Module Name          ; Machine Hostname ; OS Name    ; OS Version ; Processor type ;
+----------------------+------------------+------------+------------+----------------+
; Analysis & Synthesis ; sudhanshu        ; Windows 10 ; 10.0       ; x86_64         ;
; Fitter               ; sudhanshu        ; Windows 10 ; 10.0       ; x86_64         ;
; Assembler            ; sudhanshu        ; Windows 10 ; 10.0       ; x86_64         ;
; Timing Analyzer      ; sudhanshu        ; Windows 10 ; 10.0       ; x86_64         ;
; EDA Netlist Writer   ; sudhanshu        ; Windows 10 ; 10.0       ; x86_64         ;
+----------------------+------------------+------------+------------+----------------+


------------
; Flow Log ;
------------
quartus_map --read_settings_files=on --write_settings_files=off AB_3265_Task6 -c AB_3265_Task4
quartus_fit --read_settings_files=off --write_settings_files=off AB_3265_Task6 -c AB_3265_Task4
quartus_asm --read_settings_files=off --write_settings_files=off AB_3265_Task6 -c AB_3265_Task4
quartus_sta AB_3265_Task6 -c AB_3265_Task4
quartus_eda --read_settings_files=off --write_settings_files=off AB_3265_Task6 -c AB_3265_Task4



